<?xml version="1.0" encoding="UTF-8"?>
<!-- Generated by org.testng.reporters.JUnitReportReporter -->
<testsuite skipped="0" hostname="Vinutha" name="MyRunner.TestRunner" tests="1" failures="0" timestamp="23 Mar 2020 06:03:17 GMT" time="44.106" errors="0">
  <testcase name="feature" time="44.106" classname="MyRunner.TestRunner"/>
</testsuite> <!-- MyRunner.TestRunner -->
